<?xml version="1.0" encoding="UTF-8" ?>
<testsuites errors="1"
            failures="0"
            tests="0">

  <testsuite name="addDrugTests"
    errors="1" failures="0" hostname="" id="" package="addDrugTests" skipped="2"
    tests="0" time="0.000" timestamp="">
  

  

  
    
    <testcase
      name="Add drug test" classname="addDrugTests">
      <skipped />
    </testcase>
    
    <testcase
      name="Add two drugs" classname="addDrugTests">
      <skipped />
    </testcase>
    
  
  </testsuite>
</testsuites>
